Old 2, New 2, Left neighbor's value =2.000000
Old 2, New 2, Right neighbor's value=6.000000
Old 2, New 2, My own value=4.000000
Old 3, New 3, Left neighbor's value =4.000000
Old 3, New 3, My own value=6.000000
Distance 1 to zero: 8
Distance 2 to zero: 16
Distance 3 to zero: 24
Old 0, New 0, Right neighbor's value=2.000000
Old 0, New 0, My own value=0.000000
Old 6, New 2, Left neighbor's value =6.000000
Old 6, New 2, Right neighbor's value=10.000000
Old 6, New 2, My own value=8.000000
Old 10, New 2, Left neighbor's value =10.000000
Old 10, New 2, Right neighbor's value=14.000000
Old 10, New 2, My own value=12.000000
Old 1, New 1, Left neighbor's value =0.000000
Old 1, New 1, Right neighbor's value=4.000000
Old 1, New 1, My own value=2.000000
Old 7, New 3, Left neighbor's value =8.000000
Old 7, New 3, My own value=10.000000
Distance 1 to zero: 8
Distance 2 to zero: 16
Distance 3 to zero: 24
Old 4, New 0, Right neighbor's value=6.000000
Old 4, New 0, My own value=4.000000
Old 5, New 1, Left neighbor's value =4.000000
Old 5, New 1, Right neighbor's value=8.000000
Old 5, New 1, My own value=6.000000
Distance 1 to zero: 8
Distance 2 to zero: 16
Distance 3 to zero: 24
Old 8, New 0, Right neighbor's value=10.000000
Old 8, New 0, My own value=8.000000
Old 9, New 1, Left neighbor's value =8.000000
Old 9, New 1, Right neighbor's value=12.000000
Old 9, New 1, My own value=10.000000
Old 11, New 3, Left neighbor's value =12.000000
Old 11, New 3, My own value=14.000000

real	0m1.012s
user	0m0.019s
sys	0m0.007s
